/*C2*/SET SCHEMA PUBLIC
DELETE FROM "mendixsystem$version" WHERE "versionnumber"='4.2'
INSERT INTO "mendixsystem$version" VALUES('4.2','2021-06-23 23:40:28.855000','4.1.0','unversioned','Veersa Timesheet','9.1.1.19613')
COMMIT
DELETE FROM "mendixsystem$entityidentifier" WHERE "id"='d4154981-8dac-4150-aec5-efa3ef62a7a2'
INSERT INTO "mendixsystem$entityidentifier" VALUES('d4154981-8dac-4150-aec5-efa3ef62a7a2',5,7101)
COMMIT
INSERT INTO "system$xasinstance" VALUES(1407374883560281,'17b22d37-2b28-47b0-8b1d-cbecef9fcea7','2021-06-24 16:20:49.961000','2021-06-24 16:20:49.971000',NULL,NULL,NULL)
COMMIT
DELETE FROM "system$userrole" WHERE "id"=4503599627370497
INSERT INTO "system$userrole" VALUES(4503599627370497,'8dd52bfa-6d7e-453b-b506-303c0a3d9567','','Administrator')
DELETE FROM "system$userrole" WHERE "id"=4503599627370498
INSERT INTO "system$userrole" VALUES(4503599627370498,'53f5d6fa-6da9-4a71-b011-454ec052cce8','','User')
DELETE FROM "system$userrole" WHERE "id"=4503599627370597
INSERT INTO "system$userrole" VALUES(4503599627370597,'63be0c32-ba09-4d92-b72c-f67066e3c3ee','','Admin')
COMMIT
DELETE FROM "mendixsystem$properties" WHERE "key"='Mendix.Runtime.DeploymentID'
INSERT INTO "mendixsystem$properties" VALUES('Mendix.Runtime.DeploymentID','637601682239168215')
COMMIT
DELETE FROM "system$session" WHERE "id"=10696049115011829
DELETE FROM "system$session_user" WHERE "system$sessionid"=10696049115011829 AND "system$userid"=844424930137169
COMMIT
/*C6*/SET SCHEMA PUBLIC
DELETE FROM "system$xasinstance" WHERE "id"=1407374883560281
INSERT INTO "system$xasinstance" VALUES(1407374883560281,'17b22d37-2b28-47b0-8b1d-cbecef9fcea7','2021-06-24 16:20:49.961000','2021-06-24 16:20:52.081000',NULL,NULL,NULL)
COMMIT
/*C3*/SET SCHEMA PUBLIC
DELETE FROM "mendixsystem$entityidentifier" WHERE "id"='282e2e60-88a5-469d-84a5-ba8d9151644f'
INSERT INTO "mendixsystem$entityidentifier" VALUES('282e2e60-88a5-469d-84a5-ba8d9151644f',3,5401)
COMMIT
INSERT INTO "system$user" VALUES(844424930137269,'2021-06-24 16:21:59.759000',TRUE,'2021-06-24 16:21:59.759000','2021-06-24 16:21:59.928000',FALSE,TRUE,0,FALSE,'Anonymous_94b95520-c9a7-4e75-9fc6-c15397955ad7','{BCrypt}$2a$10$J6wHs0vZVZIsD6cXYWDSy.8F7pM70.OsgswebJPcKHDnniAY/o4lW','System.User',NULL,844424930137269)
INSERT INTO "system$userroles" VALUES(844424930137269,4503599627370597)
INSERT INTO "system$user_language" VALUES(844424930137269,11821949021847553)
COMMIT
DELETE FROM "system$user" WHERE "id"=844424930137269
INSERT INTO "system$user" VALUES(844424930137269,'2021-06-24 16:21:59.759000',TRUE,'2021-06-24 16:21:59.759000','2021-06-24 16:21:59.993000',FALSE,TRUE,0,FALSE,'Anonymous_94b95520-c9a7-4e75-9fc6-c15397955ad7','{BCrypt}$2a$10$J6wHs0vZVZIsD6cXYWDSy.8F7pM70.OsgswebJPcKHDnniAY/o4lW','System.User',NULL,844424930137269)
COMMIT
DELETE FROM "mendixsystem$entityidentifier" WHERE "id"='37f9fd49-5318-4c63-9a51-f761779b202f'
INSERT INTO "mendixsystem$entityidentifier" VALUES('37f9fd49-5318-4c63-9a51-f761779b202f',38,7101)
COMMIT
INSERT INTO "system$session" VALUES(10696049115011929,NULL,'805620f9-07f2-474b-9a55-b68ee9641913','2021-06-24 16:22:00.075000','9af1710b-6f19-41b4-b869-5cb0e29161f2','2021-06-24 16:22:00.075000',FALSE,'e03ca185-2a0f-441a-9623-fdb5a1b354b3')
INSERT INTO "system$session_user" VALUES(10696049115011929,844424930137269)
COMMIT
DELETE FROM "system$session" WHERE "id"=10696049115011929
INSERT INTO "system$session" VALUES(10696049115011929,NULL,'805620f9-07f2-474b-9a55-b68ee9641913','2021-06-24 16:22:00.075000','9af1710b-6f19-41b4-b869-5cb0e29161f2','2021-06-24 16:22:00.086000',FALSE,'e03ca185-2a0f-441a-9623-fdb5a1b354b3')
COMMIT
DELETE FROM "mendixsystem$entityidentifier" WHERE "id"='b375f648-66ec-423a-9346-5e8a11c6245f'
INSERT INTO "mendixsystem$entityidentifier" VALUES('b375f648-66ec-423a-9346-5e8a11c6245f',78,3001)
COMMIT
/*C7*/SET SCHEMA PUBLIC
DELETE FROM "system$session" WHERE "id"=10696049115011929
INSERT INTO "system$session" VALUES(10696049115011929,NULL,'805620f9-07f2-474b-9a55-b68ee9641913','2021-06-24 16:22:00.075000','9af1710b-6f19-41b4-b869-5cb0e29161f2','2021-06-24 16:22:31.747000',FALSE,'e03ca185-2a0f-441a-9623-fdb5a1b354b3')
COMMIT
DELETE FROM "mendixsystem$entityidentifier" WHERE "id"='a1b8c4a6-41a9-4133-944b-4a82982c26c9'
INSERT INTO "mendixsystem$entityidentifier" VALUES('a1b8c4a6-41a9-4133-944b-4a82982c26c9',79,1701)
COMMIT
/*C5*/SET SCHEMA PUBLIC
DELETE FROM "system$session" WHERE "id"=10696049115011929
INSERT INTO "system$session" VALUES(10696049115011929,NULL,'805620f9-07f2-474b-9a55-b68ee9641913','2021-06-24 16:22:00.075000','9af1710b-6f19-41b4-b869-5cb0e29161f2','2021-06-24 16:24:10.054000',FALSE,'e03ca185-2a0f-441a-9623-fdb5a1b354b3')
COMMIT
/*C7*/DELETE FROM "system$session" WHERE "id"=10696049115011929
INSERT INTO "system$session" VALUES(10696049115011929,NULL,'805620f9-07f2-474b-9a55-b68ee9641913','2021-06-24 16:22:00.075000','9af1710b-6f19-41b4-b869-5cb0e29161f2','2021-06-24 16:24:43.812000',FALSE,'e03ca185-2a0f-441a-9623-fdb5a1b354b3')
COMMIT
DELETE FROM "system$xasinstance" WHERE "id"=1407374883560281
INSERT INTO "system$xasinstance" VALUES(1407374883560281,'17b22d37-2b28-47b0-8b1d-cbecef9fcea7','2021-06-24 16:20:49.961000','2021-06-24 16:25:52.234000',NULL,NULL,NULL)
COMMIT
